========== Cache Configuration ==========
Create cache: cache_l1_D	size: 128	blocksize: 64	ReadLatency: 3	WriteLatency: 3
Create cache: cache_l2		size: 4096	blocksize: 128	ReadLatency: 9	WriteLatency: 13
Create cache: cache_l3		size: 8192	blocksize: 128	ReadLatency: 25	WriteLatency: 25
========== End of Cache Configuration ==========

========== L1 info ==========
w_access: 85357059	w_miss: 10246302	w_miss_rate: 12.004048%
r_access: 214638370	r_miss: 89136636	r_miss_rate: 41.528752%
t_access: 299995429	t_miss: 99382938	t_miss_rate: 33.128151%
Read_Latency: 1713554742	Write_Latency: 379026801
========== End of L1 ==========

========== L2 info ==========
w_access: 99382886	w_miss: 1	w_miss_rate: 0.000001%
r_access: 99382938	r_miss: 90434	r_miss_rate: 0.090995%
t_access: 198765824	t_miss: 90435	t_miss_rate: 0.045498%
Read_Latency: 897882934	Write_Latency: 1291977556
========== End of L2 ==========

========== L3 info ==========
w_access: 0	w_miss: 0	w_miss_rate: -nan%
r_access: 90435	r_miss: 254	r_miss_rate: 0.280865%
t_access: 90435	t_miss: 254	t_miss_rate: 0.280865%
Read_Latency: 2279925	Write_Latency: 0
========== End of L3 ==========

